c:\users\kym2-14\yjscse\projects\basic\과제\debug\vc141.pdb
c:\users\kym2-14\yjscse\projects\basic\과제\debug\vc141.idb
c:\users\kym2-14\yjscse\projects\basic\과제\debug\highlowgame.obj
c:\users\kym2-14\yjscse\projects\basic\과제\debug\practice.obj
c:\users\kym2-14\yjscse\projects\basic\과제\debug\quiz 09-01.obj
c:\users\kym2-14\yjscse\projects\basic\과제\debug\quiz 09-02.obj
c:\users\kym2-14\yjscse\projects\basic\과제\debug\rps_game.obj
c:\users\kym2-14\yjscse\projects\basic\과제\debug\quiz 07-02.obj
c:\users\kym2-14\yjscse\projects\basic\과제\debug\quiz 07-01.obj
c:\users\kym2-14\yjscse\projects\basic\과제\debug\quiz 07-03.obj
c:\users\kym2-14\yjscse\projects\basic\과제\debug\quiz 07-04.obj
c:\users\kym2-14\yjscse\projects\basic\과제\debug\quiz07-05.obj
c:\users\kym2-14\yjscse\projects\basic\과제\debug\quiz 11-01.obj
c:\users\kym2-14\yjscse\projects\basic\과제\debug\소스.obj
c:\users\kym2-14\yjscse\projects\basic\과제\debug\quiz 11-02.obj
c:\users\kym2-14\yjscse\projects\basic\과제\debug\quiz 11-03.obj
c:\users\kym2-14\yjscse\projects\basic\과제\debug\quiz 11-04.obj
c:\users\kym2-14\yjscse\projects\basic\과제\debug\quiz 11-05.obj
c:\users\kym2-14\yjscse\projects\basic\과제\debug\baseballgame.obj
c:\users\kym2-14\yjscse\projects\basic\과제\debug\baseball test.obj
c:\users\kym2-14\yjscse\projects\basic\과제\debug\quiz 12-01.obj
c:\users\kym2-14\yjscse\projects\basic\과제\debug\quiz 12-02.obj
c:\users\kym2-14\yjscse\projects\basic\과제\debug\quiz 13-01.obj
c:\users\kym2-14\yjscse\projects\basic\과제\debug\numberdiscover.obj
c:\users\kym2-14\yjscse\projects\basic\debug\homework.ilk
c:\users\kym2-14\yjscse\projects\basic\debug\homework.exe
c:\users\kym2-14\yjscse\projects\basic\debug\homework.pdb
c:\users\kym2-14\yjscse\projects\basic\과제\debug\homework.tlog\cl.command.1.tlog
c:\users\kym2-14\yjscse\projects\basic\과제\debug\homework.tlog\cl.read.1.tlog
c:\users\kym2-14\yjscse\projects\basic\과제\debug\homework.tlog\cl.write.1.tlog
c:\users\kym2-14\yjscse\projects\basic\과제\debug\homework.tlog\link.command.1.tlog
c:\users\kym2-14\yjscse\projects\basic\과제\debug\homework.tlog\link.read.1.tlog
c:\users\kym2-14\yjscse\projects\basic\과제\debug\homework.tlog\link.write.1.tlog
